# JRE version: Java(TM) SE Runtime Environment (21.0.4+8) (build 21.0.4+8-LTS-274)
# Java VM: Java HotSpot(TM) 64-Bit Server VM (21.0.4+8-LTS-274, mixed mode, sharing, tiered, compressed oops, compressed class ptrs, g1 gc, bsd-aarch64)
Heap:
 garbage-first heap   total 133120K, used 73302K [0x0000000780000000, 0x0000000800000000)
  region size 1024K, 66 young (67584K), 6 survivors (6144K)
 Metaspace       used 18691K, committed 19136K, reserved 1114112K
  class space    used 2731K, committed 2944K, reserved 1048576K
GC Heap History (6 events):
Event: 5.511 GC heap before
{Heap before GC invocations=0 (full 0):
 garbage-first heap   total 133120K, used 23566K [0x0000000780000000, 0x0000000800000000)
  region size 1024K, 23 young (23552K), 0 survivors (0K)
 Metaspace       used 7016K, committed 7232K, reserved 1114112K
  class space    used 850K, committed 960K, reserved 1048576K
}
Event: 5.513 GC heap after
{Heap after GC invocations=1 (full 0):
 garbage-first heap   total 133120K, used 4259K [0x0000000780000000, 0x0000000800000000)
  region size 1024K, 3 young (3072K), 3 survivors (3072K)
 Metaspace       used 7016K, committed 7232K, reserved 1114112K
  class space    used 850K, committed 960K, reserved 1048576K
}
Event: 10.256 GC heap before
{Heap before GC invocations=1 (full 0):
 garbage-first heap   total 133120K, used 43171K [0x0000000780000000, 0x0000000800000000)
  region size 1024K, 42 young (43008K), 3 survivors (3072K)
 Metaspace       used 14899K, committed 15232K, reserved 1114112K
  class space    used 2145K, committed 2304K, reserved 1048576K
}
Event: 10.262 GC heap after
{Heap after GC invocations=2 (full 0):
 garbage-first heap   total 133120K, used 8318K [0x0000000780000000, 0x0000000800000000)
  region size 1024K, 6 young (6144K), 6 survivors (6144K)
 Metaspace       used 14899K, committed 15232K, reserved 1114112K
  class space    used 2145K, committed 2304K, reserved 1048576K
}
Event: 19.821 GC heap before
{Heap before GC invocations=2 (full 0):
 garbage-first heap   total 133120K, used 82046K [0x0000000780000000, 0x0000000800000000)
  region size 1024K, 76 young (77824K), 6 survivors (6144K)
 Metaspace       used 18495K, committed 18880K, reserved 1114112K
  class space    used 2721K, committed 2944K, reserved 1048576K
}
Event: 19.830 GC heap after
{Heap after GC invocations=3 (full 0):
 garbage-first heap   total 133120K, used 12886K [0x0000000780000000, 0x0000000800000000)
  region size 1024K, 6 young (6144K), 6 survivors (6144K)
 Metaspace       used 18495K, committed 18880K, reserved 1114112K
  class space    used 2721K, committed 2944K, reserved 1048576K
}

